<?xml version="1.0" encoding="UTF-8"?>
<testng-results skipped="0" failed="0" ignored="0" total="1" passed="1">
  <reporter-output>
  </reporter-output>
  <suite name="Suite" duration-ms="9350" started-at="2022-01-07T10:11:21Z" finished-at="2022-01-07T10:11:30Z">
    <groups>
    </groups>
    <test name="Test" duration-ms="9350" started-at="2022-01-07T10:11:21Z" finished-at="2022-01-07T10:11:30Z">
      <class name="org.testng.Test1">
        <test-method status="PASS" signature="m1(java.lang.String)[pri:0, instance:org.testng.Test1@754ba872]" name="m1" duration-ms="9311" started-at="2022-01-07T10:11:21Z" finished-at="2022-01-07T10:11:30Z">
          <params>
            <param index="0">
              <value>
                <![CDATA[edge]]>
              </value>
            </param>
          </params>
          <reporter-output>
          </reporter-output>
        </test-method> <!-- m1 -->
      </class> <!-- org.testng.Test1 -->
    </test> <!-- Test -->
  </suite> <!-- Suite -->
</testng-results>
